Flutter crash report.
Please report a bug at https://github.com/flutter/flutter/issues.

## command

flutter run --machine --start-paused -d edge --devtools-server-address http://127.0.0.1:9100/ --target C:\weather_app\lib\main.dart

## exception

UnsupportedError: Unsupported operation: Illegal character in path: https:

```
#0      _Uri._checkWindowsPathReservedCharacters (dart:core/uri.dart:1840:11)
#1      _Uri._toWindowsFilePath (dart:core/uri.dart:2893:7)
#2      _Uri.toFilePath (dart:core/uri.dart:2865:38)
#3      ManifestAssetBundle._parseAssetsFromFolder (package:flutter_tools/src/asset.dart:916:29)
#4      ManifestAssetBundle._parseAssets (package:flutter_tools/src/asset.dart:817:9)
#5      ManifestAssetBundle.build (package:flutter_tools/src/asset.dart:267:54)
<asynchronous suspension>
#6      ResidentWebRunner._updateDevFS (package:flutter_tools/src/isolated/resident_web_runner.dart:531:26)
<asynchronous suspension>
#7      ResidentWebRunner.run.<anonymous closure> (package:flutter_tools/src/isolated/resident_web_runner.dart:319:41)
<asynchronous suspension>
#8      asyncGuard.<anonymous closure> (package:flutter_tools/src/base/async_guard.dart:111:24)
<asynchronous suspension>
```

## flutter doctor

```
[✓] Flutter (Channel stable, 3.19.2, on Microsoft Windows [Version 10.0.19045.4170], locale en-PK)
    • Flutter version 3.19.2 on channel stable at C:\src\flutter
    • Upstream repository https://github.com/flutter/flutter.git
    • Framework revision 7482962148 (3 weeks ago), 2024-02-27 16:51:22 -0500
    • Engine revision 04817c99c9
    • Dart version 3.3.0
    • DevTools version 2.31.1

[✓] Windows Version (Installed version of Windows is version 10 or higher)

[✓] Android toolchain - develop for Android devices (Android SDK version 34.0.0)
    • Android SDK at C:\Users\Mashood Hussain\AppData\Local\Android\sdk
    • Platform android-34, build-tools 34.0.0
    • Java binary at: C:\Program Files\Android\Android Studio1\jbr\bin\java
    • Java version OpenJDK Runtime Environment (build 17.0.9+0--11185874)
    • All Android licenses accepted.

[✓] Chrome - develop for the web
    • Chrome at C:\Program Files\Google\Chrome\Application\chrome.exe

[✗] Visual Studio - develop Windows apps
    ✗ Visual Studio not installed; this is necessary to develop Windows apps.
      Download at https://visualstudio.microsoft.com/downloads/.
      Please install the "Desktop development with C++" workload, including all of its default components

[✓] Android Studio (version 2023.1)
    • Android Studio at C:\Program Files\Android\Android Studio
    • Flutter plugin can be installed from:
      🔨 https://plugins.jetbrains.com/plugin/9212-flutter
    • Dart plugin can be installed from:
      🔨 https://plugins.jetbrains.com/plugin/6351-dart
    • Java version OpenJDK Runtime Environment (build 17.0.7+0-b2043.56-10550314)

[✓] Android Studio (version 2023.2)
    • Android Studio at C:\Program Files\Android\Android Studio1
    • Flutter plugin can be installed from:
      🔨 https://plugins.jetbrains.com/plugin/9212-flutter
    • Dart plugin can be installed from:
      🔨 https://plugins.jetbrains.com/plugin/6351-dart
    • Java version OpenJDK Runtime Environment (build 17.0.9+0--11185874)

[✓] VS Code (version 1.87.2)
    • VS Code at C:\Users\Mashood Hussain\AppData\Local\Programs\Microsoft VS Code
    • Flutter extension version 3.84.0

[✓] Connected device (3 available)
    • Windows (desktop) • windows • windows-x64    • Microsoft Windows [Version 10.0.19045.4170]
    • Chrome (web)      • chrome  • web-javascript • Google Chrome 122.0.6261.130
    • Edge (web)        • edge    • web-javascript • Microsoft Edge 122.0.2365.92

[✓] Network resources
    • All expected network resources are available.

! Doctor found issues in 1 category.
```
